INFO:root:RUNNING classif. experiments: lang=EN, num_folds=2, max_seq_len=256, eval=0.1, rnd_seed=564671, test=None
INFO:root:... HPARAMS = learning_rate: 2e-05; num_train_epochs: 3; warmup: 0.1; weight_decay: 0.01; batch_size: 32
INFO:root:RUNNING crossvalid. for model: bert-base-cased, augment_data=True
INFO:root:Starting Fold 1
INFO:root:model built
INFO:root:Fold 1 scores:
INFO:root:F1_macro  : 0.856; F1        : 0.899; F1-neg    : 0.813; ACC       : 0.869; prec      : 0.907; recall    : 0.891; MCC       : 0.713
INFO:root:Pausing for 1 minutes...
INFO:root:Starting Fold 2
INFO:root:model built
INFO:root:Fold 2 scores:
INFO:root:F1_macro  : 0.877; F1        : 0.918; F1-neg    : 0.836; ACC       : 0.890; prec      : 0.904; recall    : 0.931; MCC       : 0.755
INFO:root:CROSSVALIDATION results:
INFO:root:F1_macro  : count: 2.000; mean: 0.867; std: 0.015; min: 0.856; 25%: 0.861; 50%: 0.867; 75%: 0.872; max: 0.877
INFO:root:F1        : count: 2.000; mean: 0.908; std: 0.013; min: 0.899; 25%: 0.904; 50%: 0.908; 75%: 0.913; max: 0.918
INFO:root:F1-neg    : count: 2.000; mean: 0.825; std: 0.016; min: 0.813; 25%: 0.819; 50%: 0.825; 75%: 0.831; max: 0.836
INFO:root:ACC       : count: 2.000; mean: 0.880; std: 0.015; min: 0.869; 25%: 0.874; 50%: 0.880; 75%: 0.885; max: 0.890
INFO:root:prec      : count: 2.000; mean: 0.906; std: 0.002; min: 0.904; 25%: 0.905; 50%: 0.906; 75%: 0.907; max: 0.907
INFO:root:recall    : count: 2.000; mean: 0.911; std: 0.029; min: 0.891; 25%: 0.901; 50%: 0.911; 75%: 0.921; max: 0.931
INFO:root:MCC       : count: 2.000; mean: 0.734; std: 0.030; min: 0.713; 25%: 0.723; 50%: 0.734; 75%: 0.744; max: 0.755
INFO:root:Per-fold scores:
INFO:root:F1_macro  : [0.856, 0.877]
INFO:root:F1        : [0.899, 0.918]
INFO:root:F1-neg    : [0.813, 0.836]
INFO:root:ACC       : [0.869, 0.890]
INFO:root:prec      : [0.907, 0.904]
INFO:root:recall    : [0.891, 0.931]
INFO:root:MCC       : [0.713, 0.755]
INFO:root:Confusion matrix:
INFO:root: 565.50,  124.00
INFO:root: 116.50, 1194.00
INFO:root:Pausing for 2 minutes...
